[2014-03-10 20:33:44,909] INFO     0["http-bio-8090"-exec-7] - com.gestioneconferenzews.servlet.AccettazioneMail.doGet(AccettazioneMail.java:51) - chiamata in arrivo
[2014-03-10 20:37:32,639] INFO     0["http-bio-8090"-exec-13] - com.gestioneconferenzews.servlet.AccettazioneMail.doGet(AccettazioneMail.java:51) - chiamata in arrivo
[2014-03-10 20:37:32,643] INFO     4["http-bio-8090"-exec-13] - com.gestioneconferenzews.servlet.AccettazioneMail.doGet(AccettazioneMail.java:53) - L utente tiziano ha inviato un messaggio 
[2014-03-10 20:39:00,192] INFO     0["http-bio-8090"-exec-9] - com.gestioneconferenzews.servlet.AccettazioneMail.doGet(AccettazioneMail.java:51) - chiamata in arrivo
[2014-03-10 20:39:00,195] INFO     3["http-bio-8090"-exec-9] - com.gestioneconferenzews.servlet.AccettazioneMail.doGet(AccettazioneMail.java:54) - L utente null ha inviato un messaggio con azione null
[2014-03-10 20:39:09,727] INFO  9535["http-bio-8090"-exec-11] - com.gestioneconferenzews.servlet.AccettazioneMail.doGet(AccettazioneMail.java:51) - chiamata in arrivo
[2014-03-10 20:39:09,727] INFO  9535["http-bio-8090"-exec-11] - com.gestioneconferenzews.servlet.AccettazioneMail.doGet(AccettazioneMail.java:54) - L utente null ha inviato un messaggio con azione confermamail
[2014-03-10 21:05:39,983] INFO     0["http-bio-8090"-exec-3] - com.gestioneconferenzews.servlet.AccettazioneMail.doGet(AccettazioneMail.java:58) - chiamata in arrivo
[2014-03-10 21:05:39,988] INFO     5["http-bio-8090"-exec-3] - com.gestioneconferenzews.servlet.AccettazioneMail.doGet(AccettazioneMail.java:61) - L utente null ha inviato un messaggio con azione null
[2014-03-10 21:06:23,715] INFO 43732["http-bio-8090"-exec-4] - com.gestioneconferenzews.servlet.AccettazioneMail.doGet(AccettazioneMail.java:58) - chiamata in arrivo
[2014-03-10 21:06:23,716] INFO 43733["http-bio-8090"-exec-4] - com.gestioneconferenzews.servlet.AccettazioneMail.doGet(AccettazioneMail.java:61) - L utente tiziano ha inviato un messaggio con azione null
[2014-03-10 21:06:46,439] INFO 66456["http-bio-8090"-exec-5] - com.gestioneconferenzews.servlet.AccettazioneMail.doGet(AccettazioneMail.java:58) - chiamata in arrivo
[2014-03-10 21:06:46,440] INFO 66457["http-bio-8090"-exec-5] - com.gestioneconferenzews.servlet.AccettazioneMail.doGet(AccettazioneMail.java:61) - L utente tiziano ha inviato un messaggio con azione null
[2014-03-10 21:07:03,532] INFO 83549["http-bio-8090"-exec-6] - com.gestioneconferenzews.servlet.AccettazioneMail.doGet(AccettazioneMail.java:58) - chiamata in arrivo
[2014-03-10 21:07:03,533] INFO 83550["http-bio-8090"-exec-6] - com.gestioneconferenzews.servlet.AccettazioneMail.doGet(AccettazioneMail.java:61) - L utente tiziano ha inviato un messaggio con azione iscrizione
[2014-03-10 21:07:03,539] INFO 83556["http-bio-8090"-exec-6] - com.gestioneconferenzews.strategieAscolto.StrategiaAscoltoIscrizione.salvaAzione(StrategiaAscoltoIscrizione.java:11) - chiamata strategia di iscrizione
[2014-03-10 21:07:18,593] INFO 98610["http-bio-8090"-exec-7] - com.gestioneconferenzews.servlet.AccettazioneMail.doGet(AccettazioneMail.java:58) - chiamata in arrivo
[2014-03-10 21:07:18,593] INFO 98610["http-bio-8090"-exec-7] - com.gestioneconferenzews.servlet.AccettazioneMail.doGet(AccettazioneMail.java:61) - L utente tiziano ha inviato un messaggio con azione conferma
[2014-03-10 21:07:18,599] INFO 98616["http-bio-8090"-exec-7] - com.gestioneconferenzews.strategieAscolto.StrategiaAscoltoConfermaMail.salvaAzione(StrategiaAscoltoConfermaMail.java:11) - chiamata strategia di conferma
[2014-03-10 21:07:36,676] INFO116693["http-bio-8090"-exec-8] - com.gestioneconferenzews.servlet.AccettazioneMail.doGet(AccettazioneMail.java:58) - chiamata in arrivo
[2014-03-10 21:07:36,676] INFO116693["http-bio-8090"-exec-8] - com.gestioneconferenzews.servlet.AccettazioneMail.doGet(AccettazioneMail.java:61) - L utente tiziano ha inviato un messaggio con azione cancellazione
[2014-03-10 21:07:36,678] INFO116695["http-bio-8090"-exec-8] - com.gestioneconferenzews.strategieAscolto.StrategiaAscoltoCancellazione.salvaAzione(StrategiaAscoltoCancellazione.java:11) - chiamata strategia di cancellazione
[2014-03-10 21:10:17,793] INFO     1["http-bio-8090"-exec-10] - com.gestioneconferenzews.servlet.AccettazioneMail.doGet(AccettazioneMail.java:58) - chiamata in arrivo
[2014-03-10 21:10:17,797] INFO     5["http-bio-8090"-exec-10] - com.gestioneconferenzews.servlet.AccettazioneMail.doGet(AccettazioneMail.java:61) - L utente tiziano ha inviato un messaggio con azione adsfsdfsd
[2014-03-10 21:10:17,799]ERROR     7["http-bio-8090"-exec-10] - com.gestioneconferenzews.servlet.AccettazioneMail.doGet(AccettazioneMail.java:88) - azione non presente in elenco
[2014-03-10 21:10:55,574] INFO     0["http-bio-8090"-exec-3] - com.gestioneconferenzews.servlet.AccettazioneMail.doGet(AccettazioneMail.java:58) - chiamata in arrivo
[2014-03-10 21:10:55,579] INFO     5["http-bio-8090"-exec-3] - com.gestioneconferenzews.servlet.AccettazioneMail.doGet(AccettazioneMail.java:61) - L utente null ha inviato un messaggio con azione null
[2014-03-10 21:11:01,220] INFO  5646["http-bio-8090"-exec-4] - com.gestioneconferenzews.servlet.AccettazioneMail.doGet(AccettazioneMail.java:58) - chiamata in arrivo
[2014-03-10 21:11:01,221] INFO  5647["http-bio-8090"-exec-4] - com.gestioneconferenzews.servlet.AccettazioneMail.doGet(AccettazioneMail.java:61) - L utente tiziano ha inviato un messaggio con azione adsfsdfsd
[2014-03-10 21:11:01,222]ERROR  5648["http-bio-8090"-exec-4] - com.gestioneconferenzews.servlet.AccettazioneMail.doGet(AccettazioneMail.java:88) - azione non presente in elenco
[2014-03-10 21:11:09,077] INFO 13503["http-bio-8090"-exec-5] - com.gestioneconferenzews.servlet.AccettazioneMail.doGet(AccettazioneMail.java:58) - chiamata in arrivo
[2014-03-10 21:11:09,078] INFO 13504["http-bio-8090"-exec-5] - com.gestioneconferenzews.servlet.AccettazioneMail.doGet(AccettazioneMail.java:61) - L utente tiziano ha inviato un messaggio con azione conferma
[2014-03-10 21:11:09,084] INFO 13510["http-bio-8090"-exec-5] - com.gestioneconferenzews.strategieAscolto.StrategiaAscoltoConfermaMail.salvaAzione(StrategiaAscoltoConfermaMail.java:11) - chiamata strategia di conferma
[2014-03-11 14:00:52,056]DEBUG     0[main] - org.apache.ibatis.logging.LogFactory.setImplementation(LogFactory.java:124) - Logging initialized using 'class org.apache.ibatis.logging.log4j.Log4jImpl' adapter.
[2014-03-11 14:01:34,054]DEBUG     0[main] - org.apache.ibatis.logging.LogFactory.setImplementation(LogFactory.java:124) - Logging initialized using 'class org.apache.ibatis.logging.log4j.Log4jImpl' adapter.
[2014-03-11 14:04:26,576]DEBUG     0[main] - org.apache.ibatis.logging.LogFactory.setImplementation(LogFactory.java:124) - Logging initialized using 'class org.apache.ibatis.logging.log4j.Log4jImpl' adapter.
[2014-03-11 14:06:36,937]DEBUG     0[main] - org.apache.ibatis.logging.LogFactory.setImplementation(LogFactory.java:124) - Logging initialized using 'class org.apache.ibatis.logging.log4j.Log4jImpl' adapter.
[2014-03-11 14:11:35,912]DEBUG     0[main] - org.apache.ibatis.logging.LogFactory.setImplementation(LogFactory.java:124) - Logging initialized using 'class org.apache.ibatis.logging.log4j.Log4jImpl' adapter.
[2014-03-11 14:12:07,500]DEBUG     0[main] - org.apache.ibatis.logging.LogFactory.setImplementation(LogFactory.java:124) - Logging initialized using 'class org.apache.ibatis.logging.log4j.Log4jImpl' adapter.
[2014-03-11 14:15:51,262]DEBUG     0[main] - org.apache.ibatis.logging.LogFactory.setImplementation(LogFactory.java:124) - Logging initialized using 'class org.apache.ibatis.logging.log4j.Log4jImpl' adapter.
[2014-03-11 15:55:44,495]DEBUG     0[main] - org.apache.ibatis.logging.LogFactory.setImplementation(LogFactory.java:124) - Logging initialized using 'class org.apache.ibatis.logging.log4j.Log4jImpl' adapter.
[2014-03-11 15:57:09,936]DEBUG     0[main] - org.apache.ibatis.logging.LogFactory.setImplementation(LogFactory.java:124) - Logging initialized using 'class org.apache.ibatis.logging.log4j.Log4jImpl' adapter.
[2014-03-11 16:01:36,315]DEBUG     0[main] - org.apache.ibatis.logging.LogFactory.setImplementation(LogFactory.java:124) - Logging initialized using 'class org.apache.ibatis.logging.log4j.Log4jImpl' adapter.
[2014-03-11 16:12:25,094]DEBUG     0[main] - org.apache.ibatis.logging.LogFactory.setImplementation(LogFactory.java:124) - Logging initialized using 'class org.apache.ibatis.logging.log4j.Log4jImpl' adapter.
[2014-03-11 16:12:42,462]DEBUG     0[main] - org.apache.ibatis.logging.LogFactory.setImplementation(LogFactory.java:124) - Logging initialized using 'class org.apache.ibatis.logging.log4j.Log4jImpl' adapter.
[2014-03-11 16:15:51,286]DEBUG     0[main] - org.apache.ibatis.logging.LogFactory.setImplementation(LogFactory.java:124) - Logging initialized using 'class org.apache.ibatis.logging.log4j.Log4jImpl' adapter.
[2014-03-11 16:17:13,600]DEBUG     0[main] - org.apache.ibatis.logging.LogFactory.setImplementation(LogFactory.java:124) - Logging initialized using 'class org.apache.ibatis.logging.log4j.Log4jImpl' adapter.
[2014-03-11 16:18:00,770]DEBUG     0[main] - org.apache.ibatis.logging.LogFactory.setImplementation(LogFactory.java:124) - Logging initialized using 'class org.apache.ibatis.logging.log4j.Log4jImpl' adapter.
[2014-03-11 16:21:23,388]DEBUG     0[main] - org.apache.ibatis.logging.LogFactory.setImplementation(LogFactory.java:124) - Logging initialized using 'class org.apache.ibatis.logging.log4j.Log4jImpl' adapter.
[2014-03-11 16:21:23,445]DEBUG    57[main] - org.apache.ibatis.datasource.pooled.PooledDataSource.forceCloseAll(PooledDataSource.java:304) - PooledDataSource forcefully closed/removed all connections.
[2014-03-11 16:21:23,445]DEBUG    57[main] - org.apache.ibatis.datasource.pooled.PooledDataSource.forceCloseAll(PooledDataSource.java:304) - PooledDataSource forcefully closed/removed all connections.
[2014-03-11 16:21:23,445]DEBUG    57[main] - org.apache.ibatis.datasource.pooled.PooledDataSource.forceCloseAll(PooledDataSource.java:304) - PooledDataSource forcefully closed/removed all connections.
[2014-03-11 16:21:23,445]DEBUG    57[main] - org.apache.ibatis.datasource.pooled.PooledDataSource.forceCloseAll(PooledDataSource.java:304) - PooledDataSource forcefully closed/removed all connections.
[2014-03-11 16:21:54,248]DEBUG 30860[main] - org.apache.ibatis.transaction.jdbc.JdbcTransaction.openConnection(JdbcTransaction.java:129) - Opening JDBC Connection
[2014-03-11 16:21:55,587]DEBUG 32199[main] - org.apache.ibatis.datasource.pooled.PooledDataSource.popConnection(PooledDataSource.java:378) - Created connection 1653664.
[2014-03-11 16:21:55,588]DEBUG 32200[main] - org.apache.ibatis.transaction.jdbc.JdbcTransaction.setDesiredAutoCommit(JdbcTransaction.java:95) - Setting autocommit to false on JDBC Connection [com.mysql.jdbc.JDBC4Connection@193ba0]
[2014-03-11 16:21:55,608]DEBUG 32220[main] - org.apache.ibatis.logging.jdbc.BaseJdbcLogger.debug(BaseJdbcLogger.java:132) - ooo Using Connection [com.mysql.jdbc.JDBC4Connection@193ba0]
[2014-03-11 16:21:55,611]DEBUG 32223[main] - org.apache.ibatis.logging.jdbc.BaseJdbcLogger.debug(BaseJdbcLogger.java:132) - ==>  Preparing: select CODICE_ISTAT_REGIONE, REGIONE from regione where CODICE_ISTAT_REGIONE = ? 
[2014-03-11 16:21:55,921]DEBUG 32533[main] - org.apache.ibatis.logging.jdbc.BaseJdbcLogger.debug(BaseJdbcLogger.java:132) - ==> Parameters: 01(String)
[2014-03-11 16:21:56,243]DEBUG 32855[main] - org.apache.ibatis.logging.jdbc.BaseJdbcLogger.debug(BaseJdbcLogger.java:132) - <==      Total: 1
[2014-03-11 16:22:13,433]DEBUG 50045[main] - org.apache.ibatis.transaction.jdbc.JdbcTransaction.resetAutoCommit(JdbcTransaction.java:117) - Resetting autocommit to true on JDBC Connection [com.mysql.jdbc.JDBC4Connection@193ba0]
[2014-03-11 16:22:13,434]DEBUG 50046[main] - org.apache.ibatis.transaction.jdbc.JdbcTransaction.close(JdbcTransaction.java:85) - Closing JDBC Connection [com.mysql.jdbc.JDBC4Connection@193ba0]
[2014-03-11 16:22:13,434]DEBUG 50046[main] - org.apache.ibatis.datasource.pooled.PooledDataSource.pushConnection(PooledDataSource.java:332) - Returned connection 1653664 to pool.
[2014-03-11 16:44:58,196]DEBUG     0[main] - org.apache.ibatis.logging.LogFactory.setImplementation(LogFactory.java:124) - Logging initialized using 'class org.apache.ibatis.logging.log4j.Log4jImpl' adapter.
[2014-03-11 16:44:58,300]DEBUG   104[main] - org.apache.ibatis.datasource.pooled.PooledDataSource.forceCloseAll(PooledDataSource.java:304) - PooledDataSource forcefully closed/removed all connections.
[2014-03-11 16:44:58,300]DEBUG   104[main] - org.apache.ibatis.datasource.pooled.PooledDataSource.forceCloseAll(PooledDataSource.java:304) - PooledDataSource forcefully closed/removed all connections.
[2014-03-11 16:44:58,301]DEBUG   105[main] - org.apache.ibatis.datasource.pooled.PooledDataSource.forceCloseAll(PooledDataSource.java:304) - PooledDataSource forcefully closed/removed all connections.
[2014-03-11 16:44:58,302]DEBUG   106[main] - org.apache.ibatis.datasource.pooled.PooledDataSource.forceCloseAll(PooledDataSource.java:304) - PooledDataSource forcefully closed/removed all connections.
[2014-03-11 16:45:10,108]DEBUG 11912[main] - org.apache.ibatis.transaction.jdbc.JdbcTransaction.openConnection(JdbcTransaction.java:129) - Opening JDBC Connection
[2014-03-11 16:45:10,704]DEBUG 12508[main] - org.apache.ibatis.datasource.pooled.PooledDataSource.popConnection(PooledDataSource.java:378) - Created connection 1172540.
[2014-03-11 16:45:10,704]DEBUG 12508[main] - org.apache.ibatis.transaction.jdbc.JdbcTransaction.setDesiredAutoCommit(JdbcTransaction.java:95) - Setting autocommit to false on JDBC Connection [com.mysql.jdbc.JDBC4Connection@11e43c]
[2014-03-11 16:45:10,726]DEBUG 12530[main] - org.apache.ibatis.logging.jdbc.BaseJdbcLogger.debug(BaseJdbcLogger.java:132) - ooo Using Connection [com.mysql.jdbc.JDBC4Connection@11e43c]
[2014-03-11 16:45:10,727]DEBUG 12531[main] - org.apache.ibatis.logging.jdbc.BaseJdbcLogger.debug(BaseJdbcLogger.java:132) - ==>  Preparing: select CODICE_ISTAT_REGIONE, REGIONE from regione where CODICE_ISTAT_REGIONE = ? 
[2014-03-11 16:45:10,837]DEBUG 12641[main] - org.apache.ibatis.logging.jdbc.BaseJdbcLogger.debug(BaseJdbcLogger.java:132) - ==> Parameters: 01(String)
[2014-03-11 16:45:10,878]DEBUG 12682[main] - org.apache.ibatis.logging.jdbc.BaseJdbcLogger.debug(BaseJdbcLogger.java:132) - <==      Total: 1
[2014-03-11 16:45:12,022]DEBUG 13826[main] - org.apache.ibatis.logging.jdbc.BaseJdbcLogger.debug(BaseJdbcLogger.java:132) - ooo Using Connection [com.mysql.jdbc.JDBC4Connection@11e43c]
[2014-03-11 16:45:12,022]DEBUG 13826[main] - org.apache.ibatis.logging.jdbc.BaseJdbcLogger.debug(BaseJdbcLogger.java:132) - ==>  Preparing: select CODICE_ISTAT_REGIONE, REGIONE from regione 
[2014-03-11 16:45:12,022]DEBUG 13826[main] - org.apache.ibatis.logging.jdbc.BaseJdbcLogger.debug(BaseJdbcLogger.java:132) - ==> Parameters: 
[2014-03-11 16:45:12,068]DEBUG 13872[main] - org.apache.ibatis.logging.jdbc.BaseJdbcLogger.debug(BaseJdbcLogger.java:132) - <==      Total: 21
[2014-03-11 16:45:28,439]DEBUG 30243[main] - org.apache.ibatis.transaction.jdbc.JdbcTransaction.resetAutoCommit(JdbcTransaction.java:117) - Resetting autocommit to true on JDBC Connection [com.mysql.jdbc.JDBC4Connection@11e43c]
[2014-03-11 16:45:28,440]DEBUG 30244[main] - org.apache.ibatis.transaction.jdbc.JdbcTransaction.close(JdbcTransaction.java:85) - Closing JDBC Connection [com.mysql.jdbc.JDBC4Connection@11e43c]
[2014-03-11 16:45:28,440]DEBUG 30244[main] - org.apache.ibatis.datasource.pooled.PooledDataSource.pushConnection(PooledDataSource.java:332) - Returned connection 1172540 to pool.
